Oct 01, 2023 2:51:06 PM co.edu.uniquindio.model.Empresa <init>
INFO: Se crea una nueva instancia de la empresa
Oct 01, 2023 2:54:46 PM co.edu.uniquindio.model.Empresa <init>
INFO: Se crea una nueva instancia de la empresa
Oct 01, 2023 3:03:47 PM co.edu.uniquindio.model.Empresa <init>
INFO: Se crea una nueva instancia de la empresa
Oct 01, 2023 3:04:46 PM co.edu.uniquindio.model.Empresa <init>
INFO: Se crea una nueva instancia de la empresa
Oct 01, 2023 3:06:22 PM co.edu.uniquindio.model.Empresa <init>
INFO: Se crea una nueva instancia de la empresa
Oct 01, 2023 3:07:36 PM co.edu.uniquindio.model.Empresa <init>
INFO: Se crea una nueva instancia de la empresa
Oct 01, 2023 3:09:23 PM co.edu.uniquindio.model.Empresa <init>
INFO: Se crea una nueva instancia de la empresa
Oct 01, 2023 3:10:25 PM co.edu.uniquindio.model.Empresa <init>
INFO: Se crea una nueva instancia de la empresa
Oct 01, 2023 3:12:49 PM co.edu.uniquindio.model.Empresa <init>
INFO: Se crea una nueva instancia de la empresa
Oct 01, 2023 3:14:17 PM co.edu.uniquindio.model.Empresa <init>
INFO: Se crea una nueva instancia de la empresa
Oct 01, 2023 3:24:03 PM co.edu.uniquindio.model.Empresa <init>
INFO: Se crea una nueva instancia de la empresa
Oct 01, 2023 3:29:35 PM co.edu.uniquindio.model.Empresa <init>
INFO: Se crea una nueva instancia de la empresa
Oct 01, 2023 3:33:18 PM co.edu.uniquindio.model.Empresa <init>
INFO: Se crea una nueva instancia de la empresa
Oct 01, 2023 3:36:36 PM co.edu.uniquindio.model.Empresa <init>
INFO: Se crea una nueva instancia de la empresa
Oct 01, 2023 3:37:04 PM co.edu.uniquindio.model.Empresa <init>
INFO: Se crea una nueva instancia de la empresa
Oct 01, 2023 8:13:36 PM co.edu.uniquindio.model.Empresa <init>
INFO: Se crea una nueva instancia de la empresa
Oct 01, 2023 9:34:34 PM co.edu.uniquindio.model.Empresa <init>
INFO: Se crea una nueva instancia de la empresa
Oct 01, 2023 9:36:16 PM co.edu.uniquindio.model.Empresa <init>
INFO: Se crea una nueva instancia de la empresa
Oct 01, 2023 9:38:20 PM co.edu.uniquindio.model.Empresa <init>
INFO: Se crea una nueva instancia de la empresa
Oct 01, 2023 9:42:19 PM co.edu.uniquindio.model.Empresa <init>
INFO: Se crea una nueva instancia de la empresa
Oct 01, 2023 10:06:44 PM co.edu.uniquindio.model.Empresa <init>
INFO: Se crea una nueva instancia de la empresa
Oct 01, 2023 10:16:32 PM co.edu.uniquindio.model.Empresa <init>
INFO: Se crea una nueva instancia de la empresa
Oct 02, 2023 12:29:52 AM co.edu.uniquindio.model.Empresa <init>
INFO: Se crea una nueva instancia de la empresa
Oct 02, 2023 12:48:41 AM co.edu.uniquindio.model.Empresa <init>
INFO: Se crea una nueva instancia de la empresa
Oct 02, 2023 1:10:10 AM co.edu.uniquindio.model.Empresa <init>
INFO: Se crea una nueva instancia de la empresa
Oct 02, 2023 1:12:54 AM co.edu.uniquindio.model.Empresa <init>
INFO: Se crea una nueva instancia de la empresa
Oct 02, 2023 1:14:11 AM co.edu.uniquindio.model.Empresa <init>
INFO: Se crea una nueva instancia de la empresa
Oct 02, 2023 1:15:01 AM co.edu.uniquindio.model.Empresa <init>
INFO: Se crea una nueva instancia de la empresa
Oct 02, 2023 1:21:49 AM co.edu.uniquindio.model.Empresa <init>
INFO: Se crea una nueva instancia de la empresa
Oct 02, 2023 1:23:34 AM co.edu.uniquindio.model.Empresa <init>
INFO: Se crea una nueva instancia de la empresa
Oct 02, 2023 1:24:51 AM co.edu.uniquindio.model.Empresa <init>
INFO: Se crea una nueva instancia de la empresa
Oct 02, 2023 1:26:19 AM co.edu.uniquindio.model.Empresa <init>
INFO: Se crea una nueva instancia de la empresa
Oct 02, 2023 1:28:42 AM co.edu.uniquindio.model.Empresa <init>
INFO: Se crea una nueva instancia de la empresa
Oct 02, 2023 1:34:08 AM co.edu.uniquindio.model.Empresa <init>
INFO: Se crea una nueva instancia de la empresa
Oct 02, 2023 1:43:29 AM co.edu.uniquindio.model.Empresa <init>
INFO: Se crea una nueva instancia de la empresa
Oct 02, 2023 1:45:15 AM co.edu.uniquindio.model.Empresa <init>
INFO: Se crea una nueva instancia de la empresa
Oct 02, 2023 2:56:40 AM co.edu.uniquindio.model.Empresa <init>
INFO: Se crea una nueva instancia de la empresa
Oct 02, 2023 2:57:21 AM co.edu.uniquindio.model.Empresa <init>
INFO: Se crea una nueva instancia de la empresa
Oct 02, 2023 3:00:07 AM co.edu.uniquindio.model.Empresa <init>
INFO: Se crea una nueva instancia de la empresa
Oct 02, 2023 3:09:03 AM co.edu.uniquindio.model.Empresa <init>
INFO: Se crea una nueva instancia de la empresa
Oct 02, 2023 3:16:05 AM co.edu.uniquindio.model.Empresa <init>
INFO: Se crea una nueva instancia de la empresa
Oct 02, 2023 3:18:20 AM co.edu.uniquindio.model.Empresa <init>
INFO: Se crea una nueva instancia de la empresa
Oct 02, 2023 3:25:17 AM co.edu.uniquindio.model.Empresa <init>
INFO: Se crea una nueva instancia de la empresa
Oct 02, 2023 3:27:16 AM co.edu.uniquindio.model.Empresa <init>
INFO: Se crea una nueva instancia de la empresa
Oct 02, 2023 3:36:29 AM co.edu.uniquindio.model.Empresa <init>
INFO: Se crea una nueva instancia de la empresa
Oct 02, 2023 3:39:59 AM co.edu.uniquindio.model.Empresa <init>
INFO: Se crea una nueva instancia de la empresa
Oct 02, 2023 3:42:34 AM co.edu.uniquindio.model.Empresa <init>
INFO: Se crea una nueva instancia de la empresa
Oct 02, 2023 3:46:45 AM co.edu.uniquindio.model.Empresa <init>
INFO: Se crea una nueva instancia de la empresa
Oct 02, 2023 3:56:22 AM co.edu.uniquindio.model.Empresa <init>
INFO: Se crea una nueva instancia de la empresa
Oct 02, 2023 3:57:28 AM co.edu.uniquindio.model.Empresa <init>
INFO: Se crea una nueva instancia de la empresa
Oct 02, 2023 3:59:51 AM co.edu.uniquindio.model.Empresa <init>
INFO: Se crea una nueva instancia de la empresa
Oct 02, 2023 4:07:40 AM co.edu.uniquindio.model.Empresa <init>
INFO: Se crea una nueva instancia de la empresa
Oct 02, 2023 9:42:49 AM co.edu.uniquindio.model.Empresa <init>
INFO: Se crea una nueva instancia de la empresa
Oct 02, 2023 9:45:35 AM co.edu.uniquindio.model.Empresa <init>
INFO: Se crea una nueva instancia de la empresa
Oct 02, 2023 9:51:53 AM co.edu.uniquindio.model.Empresa <init>
INFO: Se crea una nueva instancia de la empresa
Oct 02, 2023 9:52:37 AM co.edu.uniquindio.model.Empresa <init>
INFO: Se crea una nueva instancia de la empresa
Oct 02, 2023 9:54:12 AM co.edu.uniquindio.model.Empresa <init>
INFO: Se crea una nueva instancia de la empresa
Oct 02, 2023 10:44:13 AM co.edu.uniquindio.model.Empresa <init>
INFO: Se crea una nueva instancia de la empresa
oct 02, 2023 2:22:31 P. M. co.edu.uniquindio.model.Empresa <init>
INFO: Se crea una nueva instancia de la empresa
oct 02, 2023 3:21:45 P. M. co.edu.uniquindio.model.Empresa <init>
INFO: Se crea una nueva instancia de la empresa
oct 02, 2023 3:22:27 P. M. co.edu.uniquindio.model.Empresa crearCliente
INFO: Se ha registrado un nuevo cliente con cedula: 1111
oct 02, 2023 3:23:04 P. M. co.edu.uniquindio.model.Empresa actualizarCliente
WARNING: El nombre es obligatorio para el registro
oct 02, 2023 3:23:14 P. M. co.edu.uniquindio.model.Empresa crearCliente
WARNING: La cedula es obligatoria para el registro
oct 02, 2023 3:24:24 P. M. co.edu.uniquindio.model.Empresa <init>
INFO: Se crea una nueva instancia de la empresa
oct 02, 2023 3:25:15 P. M. co.edu.uniquindio.model.Empresa crearCliente
INFO: Se ha registrado un nuevo cliente con cedula: 1111
oct 02, 2023 3:25:25 P. M. co.edu.uniquindio.model.Empresa actualizarCliente
SEVERE: La cedula 1111 no esta registrada
oct 02, 2023 3:25:26 P. M. co.edu.uniquindio.model.Empresa actualizarCliente
SEVERE: La cedula 1111 no esta registrada
oct 02, 2023 3:26:09 P. M. co.edu.uniquindio.model.Empresa <init>
INFO: Se crea una nueva instancia de la empresa
oct 02, 2023 3:26:45 P. M. co.edu.uniquindio.model.Empresa crearCliente
INFO: Se ha registrado un nuevo cliente con cedula: 1111
oct 02, 2023 3:26:52 P. M. co.edu.uniquindio.model.Empresa actualizarCliente
SEVERE: La cedula 1111 no esta registrada
oct 02, 2023 3:26:57 P. M. co.edu.uniquindio.model.Empresa actualizarCliente
SEVERE: La cedula 1111 no esta registrada
oct 02, 2023 3:28:10 P. M. co.edu.uniquindio.model.Empresa <init>
INFO: Se crea una nueva instancia de la empresa
oct 02, 2023 3:28:47 P. M. co.edu.uniquindio.model.Empresa crearCliente
INFO: Se ha registrado un nuevo cliente con cedula: 1111
oct 02, 2023 3:28:54 P. M. co.edu.uniquindio.model.Empresa actualizarCliente
SEVERE: La cedula 1111 no esta registrada
oct 02, 2023 3:35:06 P. M. co.edu.uniquindio.model.Empresa <init>
INFO: Se crea una nueva instancia de la empresa
oct 02, 2023 3:36:12 P. M. co.edu.uniquindio.model.Empresa crearCliente
INFO: Se ha registrado un nuevo cliente con cedula: 1111
oct 02, 2023 3:36:18 P. M. co.edu.uniquindio.model.Empresa actualizarCliente
SEVERE: La cedula 1111 no esta registrada
oct 02, 2023 3:37:48 P. M. co.edu.uniquindio.model.Empresa <init>
INFO: Se crea una nueva instancia de la empresa
oct 02, 2023 3:38:31 P. M. co.edu.uniquindio.model.Empresa crearCliente
INFO: Se ha registrado un nuevo cliente con cedula: 1111
oct 02, 2023 3:38:37 P. M. co.edu.uniquindio.model.Empresa actualizarCliente
SEVERE: La cedula 1111 no esta registrada
oct 02, 2023 3:47:06 P. M. co.edu.uniquindio.model.Empresa actualizarCliente
SEVERE: La cedula 1111 no esta registrada
oct 02, 2023 9:56:10 P. M. co.edu.uniquindio.model.Empresa <init>
INFO: Se crea una nueva instancia de la empresa
oct 02, 2023 9:58:13 P. M. co.edu.uniquindio.model.Empresa <init>
INFO: Se crea una nueva instancia de la empresa
oct 02, 2023 9:58:50 P. M. co.edu.uniquindio.model.Empresa <init>
INFO: Se crea una nueva instancia de la empresa
oct 02, 2023 10:00:53 P. M. co.edu.uniquindio.model.Empresa <init>
INFO: Se crea una nueva instancia de la empresa
oct 02, 2023 10:03:28 P. M. co.edu.uniquindio.model.Empresa <init>
INFO: Se crea una nueva instancia de la empresa
oct 02, 2023 10:04:34 P. M. co.edu.uniquindio.model.Empresa crearCliente
INFO: Se ha registrado un nuevo cliente con cedula: 1111
oct 02, 2023 10:04:39 P. M. co.edu.uniquindio.model.Empresa crearCliente
WARNING: La cedula es obligatoria para el registro
oct 02, 2023 10:04:49 P. M. co.edu.uniquindio.model.Empresa crearCliente
WARNING: El nombre es obligatorio para el registro
oct 02, 2023 10:05:03 P. M. co.edu.uniquindio.model.Empresa actualizarCliente
SEVERE: La cedula 1111 no esta registrada
oct 02, 2023 10:05:46 P. M. co.edu.uniquindio.model.Empresa <init>
INFO: Se crea una nueva instancia de la empresa
oct 02, 2023 10:06:32 P. M. co.edu.uniquindio.model.Empresa crearCliente
INFO: Se ha registrado un nuevo cliente con cedula: 1111
oct 02, 2023 10:08:30 P. M. co.edu.uniquindio.model.Empresa crearCliente
SEVERE: La cedula 1111 ya esta registrada
oct 02, 2023 10:45:09 P. M. co.edu.uniquindio.model.Empresa <init>
INFO: Se crea una nueva instancia de la empresa
oct 02, 2023 10:45:50 P. M. co.edu.uniquindio.model.Empresa crearCliente
INFO: Se ha registrado un nuevo cliente con cedula: 1111
oct 02, 2023 10:45:57 P. M. co.edu.uniquindio.model.Empresa actualizarCliente
SEVERE: La cedula 1111 no esta registrada
oct 02, 2023 10:46:00 P. M. co.edu.uniquindio.model.Empresa actualizarCliente
SEVERE: La cedula 1111 no esta registrada
oct 02, 2023 10:46:05 P. M. co.edu.uniquindio.model.Empresa actualizarCliente
SEVERE: La cedula 1111 no esta registrada
oct 02, 2023 10:48:27 P. M. co.edu.uniquindio.model.Empresa <init>
INFO: Se crea una nueva instancia de la empresa
oct 02, 2023 10:50:44 P. M. co.edu.uniquindio.model.Empresa crearCliente
INFO: Se ha registrado un nuevo cliente con cedula: 1111
oct 02, 2023 10:51:22 P. M. co.edu.uniquindio.model.Empresa actualizarCliente
WARNING: La cedula es obligatoria para el registro
oct 02, 2023 10:51:24 P. M. co.edu.uniquindio.model.Empresa crearCliente
WARNING: La cedula es obligatoria para el registro
oct 02, 2023 10:58:03 P. M. co.edu.uniquindio.model.Empresa <init>
INFO: Se crea una nueva instancia de la empresa
oct 02, 2023 11:00:20 P. M. co.edu.uniquindio.model.Empresa crearCliente
INFO: Se ha registrado un nuevo cliente con cedula: 1111
oct 02, 2023 11:04:14 P. M. co.edu.uniquindio.model.Empresa <init>
INFO: Se crea una nueva instancia de la empresa
oct 02, 2023 11:04:35 P. M. co.edu.uniquindio.model.Empresa crearCliente
INFO: Se ha registrado un nuevo cliente con cedula: 1111
oct 02, 2023 11:05:31 P. M. co.edu.uniquindio.model.Empresa <init>
INFO: Se crea una nueva instancia de la empresa
oct 02, 2023 11:05:59 P. M. co.edu.uniquindio.model.Empresa crearCliente
INFO: Se ha registrado un nuevo cliente con cedula: 1111
oct 02, 2023 11:16:12 P. M. co.edu.uniquindio.model.Empresa <init>
INFO: Se crea una nueva instancia de la empresa
oct 02, 2023 11:17:39 P. M. co.edu.uniquindio.model.Empresa crearCliente
INFO: Se ha registrado un nuevo cliente con cedula: 1111
oct 02, 2023 11:18:13 P. M. co.edu.uniquindio.model.Empresa crearCliente
SEVERE: La cedula 1111 ya esta registrada
oct 02, 2023 11:21:34 P. M. co.edu.uniquindio.model.Empresa <init>
INFO: Se crea una nueva instancia de la empresa
oct 02, 2023 11:22:05 P. M. co.edu.uniquindio.model.Empresa crearCliente
INFO: Se ha registrado un nuevo cliente con cedula: 1111
oct 02, 2023 11:27:09 P. M. co.edu.uniquindio.model.Empresa <init>
INFO: Se crea una nueva instancia de la empresa
oct 02, 2023 11:27:34 P. M. co.edu.uniquindio.model.Empresa crearCliente
INFO: Se ha registrado un nuevo cliente con cedula: 1111
